
[07:04:49 PM] ERROR 2048 : Non-static method IndexControlador::index() cannot be called statically
[07:04:51 PM] ERROR 2048 : Non-static method LogControlador::inBrow() cannot be called statically
[07:06:11 PM] ERROR 2048 : Non-static method IndexControlador::index() cannot be called statically
[07:06:13 PM] ERROR 2048 : Non-static method LogControlador::inBrow() cannot be called statically
[07:22:36 PM] ERROR 2048 : Non-static method IndexControlador::index() cannot be called statically
[07:22:38 PM] ERROR 2048 : Non-static method LogControlador::inBrow() cannot be called statically
[07:22:51 PM] ERROR 2048 : Non-static method IndexControlador::index() cannot be called statically
[07:22:53 PM] ERROR 2048 : Non-static method LogControlador::inBrow() cannot be called statically
[07:26:05 PM] ERROR 2048 : Non-static method IndexControlador::index() cannot be called statically
[07:26:06 PM] ERROR 2048 : Non-static method LogControlador::inBrow() cannot be called statically
[07:31:20 PM] ERROR 2048 : Non-static method IndexControlador::index() cannot be called statically
[07:31:23 PM] ERROR 2048 : Non-static method LogControlador::inBrow() cannot be called statically
[09:14:31 PM] ERROR 2048 : Non-static method IndexControlador::index() cannot be called statically
[09:14:34 PM] ERROR 2048 : Non-static method IndexControlador::index() cannot be called statically
[09:14:35 PM] ERROR 2048 : Non-static method IndexControlador::index() cannot be called statically
[09:14:35 PM] ERROR 2048 : Non-static method IndexControlador::index() cannot be called statically
[09:14:35 PM] ERROR 2048 : Non-static method IndexControlador::index() cannot be called statically
[09:14:36 PM] ERROR 2048 : Non-static method IndexControlador::index() cannot be called statically
[09:14:37 PM] ERROR 2048 : Non-static method IndexControlador::index() cannot be called statically
[09:14:37 PM] ERROR 2048 : Non-static method IndexControlador::index() cannot be called statically
[09:14:38 PM] ERROR 2048 : Non-static method IndexControlador::index() cannot be called statically
[09:14:38 PM] ERROR 2048 : Non-static method IndexControlador::index() cannot be called statically
[09:14:38 PM] ERROR 2048 : Non-static method IndexControlador::index() cannot be called statically
[09:14:38 PM] ERROR 2048 : Non-static method IndexControlador::index() cannot be called statically
[09:14:38 PM] ERROR 2048 : Non-static method IndexControlador::index() cannot be called statically
[09:14:38 PM] ERROR 2048 : Non-static method IndexControlador::index() cannot be called statically
[09:14:39 PM] ERROR 2048 : Non-static method IndexControlador::index() cannot be called statically
[09:14:39 PM] ERROR 2048 : Non-static method IndexControlador::index() cannot be called statically
[09:14:40 PM] ERROR 2048 : Non-static method IndexControlador::index() cannot be called statically
[09:14:40 PM] ERROR 2048 : Non-static method IndexControlador::index() cannot be called statically
[09:14:40 PM] ERROR 2048 : Non-static method IndexControlador::index() cannot be called statically
[09:14:40 PM] ERROR 2048 : Non-static method IndexControlador::index() cannot be called statically
[09:14:41 PM] ERROR 2048 : Non-static method IndexControlador::index() cannot be called statically
[09:14:41 PM] ERROR 2048 : Non-static method IndexControlador::index() cannot be called statically
[09:14:41 PM] ERROR 2048 : Non-static method IndexControlador::index() cannot be called statically
[09:14:41 PM] ERROR 2048 : Non-static method IndexControlador::index() cannot be called statically
[09:14:41 PM] ERROR 2048 : Non-static method IndexControlador::index() cannot be called statically
[09:14:42 PM] ERROR 2048 : Non-static method IndexControlador::index() cannot be called statically
[09:14:42 PM] ERROR 2048 : Non-static method IndexControlador::index() cannot be called statically
[09:14:42 PM] ERROR 2048 : Non-static method IndexControlador::index() cannot be called statically
[09:14:42 PM] ERROR 2048 : Non-static method IndexControlador::index() cannot be called statically
[09:14:42 PM] ERROR 2048 : Non-static method IndexControlador::index() cannot be called statically
[09:14:42 PM] ERROR 2048 : Non-static method IndexControlador::index() cannot be called statically
[09:14:42 PM] ERROR 2048 : Non-static method IndexControlador::index() cannot be called statically
[09:14:42 PM] ERROR 2048 : Non-static method IndexControlador::index() cannot be called statically
[09:14:42 PM] ERROR 2048 : Non-static method IndexControlador::index() cannot be called statically
[09:14:42 PM] ERROR 2048 : Non-static method IndexControlador::index() cannot be called statically
[09:14:42 PM] ERROR 2048 : Non-static method IndexControlador::index() cannot be called statically
[09:14:42 PM] ERROR 2048 : Non-static method IndexControlador::index() cannot be called statically
[09:14:42 PM] ERROR 2048 : Non-static method IndexControlador::index() cannot be called statically
[09:14:42 PM] ERROR 2048 : Non-static method IndexControlador::index() cannot be called statically
[09:14:42 PM] ERROR 2048 : Non-static method IndexControlador::index() cannot be called statically
[09:14:42 PM] ERROR 2048 : Non-static method IndexControlador::index() cannot be called statically
[09:14:42 PM] ERROR 2048 : Non-static method IndexControlador::index() cannot be called statically
[09:14:42 PM] ERROR 2048 : Non-static method IndexControlador::index() cannot be called statically
[09:14:42 PM] ERROR 2048 : Non-static method IndexControlador::index() cannot be called statically
[09:14:42 PM] ERROR 2048 : Non-static method IndexControlador::index() cannot be called statically
[09:14:42 PM] ERROR 2048 : Non-static method IndexControlador::index() cannot be called statically
[09:14:42 PM] ERROR 2048 : Non-static method IndexControlador::index() cannot be called statically
[09:14:42 PM] ERROR 2048 : Non-static method IndexControlador::index() cannot be called statically
[09:14:42 PM] ERROR 2048 : Non-static method IndexControlador::index() cannot be called statically
[09:14:42 PM] ERROR 2048 : Non-static method IndexControlador::index() cannot be called statically
[09:14:43 PM] ERROR 2048 : Non-static method IndexControlador::index() cannot be called statically
[09:14:43 PM] ERROR 2048 : Non-static method IndexControlador::index() cannot be called statically
[09:14:43 PM] ERROR 2048 : Non-static method IndexControlador::index() cannot be called statically
[09:14:43 PM] ERROR 2048 : Non-static method IndexControlador::index() cannot be called statically
[09:14:43 PM] ERROR 2048 : Non-static method IndexControlador::index() cannot be called statically
[09:14:44 PM] ERROR 2048 : Non-static method IndexControlador::index() cannot be called statically
[09:14:44 PM] ERROR 2048 : Non-static method IndexControlador::index() cannot be called statically
[09:14:44 PM] ERROR 2048 : Non-static method IndexControlador::index() cannot be called statically
[09:14:44 PM] ERROR 2048 : Non-static method IndexControlador::index() cannot be called statically
[09:14:44 PM] ERROR 2048 : Non-static method IndexControlador::index() cannot be called statically
[09:14:44 PM] ERROR 2048 : Non-static method IndexControlador::index() cannot be called statically
[09:14:44 PM] ERROR 2048 : Non-static method IndexControlador::index() cannot be called statically
[09:14:44 PM] ERROR 2048 : Non-static method IndexControlador::index() cannot be called statically
[09:14:44 PM] ERROR 2048 : Non-static method IndexControlador::index() cannot be called statically
[09:14:44 PM] ERROR 2048 : Non-static method IndexControlador::index() cannot be called statically
[09:14:44 PM] ERROR 2048 : Non-static method IndexControlador::index() cannot be called statically
[09:14:44 PM] ERROR 2048 : Non-static method IndexControlador::index() cannot be called statically
[09:14:44 PM] ERROR 2048 : Non-static method IndexControlador::index() cannot be called statically
[09:14:44 PM] ERROR 2048 : Non-static method IndexControlador::index() cannot be called statically
[09:14:44 PM] ERROR 2048 : Non-static method IndexControlador::index() cannot be called statically
[09:14:44 PM] ERROR 2048 : Non-static method IndexControlador::index() cannot be called statically
[09:14:44 PM] ERROR 2048 : Non-static method IndexControlador::index() cannot be called statically
[09:14:45 PM] ERROR 2048 : Non-static method IndexControlador::index() cannot be called statically
[09:14:45 PM] ERROR 2048 : Non-static method IndexControlador::index() cannot be called statically
[09:14:45 PM] ERROR 2048 : Non-static method IndexControlador::index() cannot be called statically
[09:14:45 PM] ERROR 2048 : Non-static method IndexControlador::index() cannot be called statically
[09:14:45 PM] ERROR 2048 : Non-static method IndexControlador::index() cannot be called statically
[09:14:45 PM] ERROR 2048 : Non-static method IndexControlador::index() cannot be called statically
[09:14:45 PM] ERROR 2048 : Non-static method IndexControlador::index() cannot be called statically
[09:14:46 PM] ERROR 2048 : Non-static method IndexControlador::index() cannot be called statically
[09:14:47 PM] ERROR 2048 : Non-static method IndexControlador::index() cannot be called statically
[09:14:47 PM] ERROR 2048 : Non-static method IndexControlador::index() cannot be called statically
[09:14:47 PM] ERROR 2048 : Non-static method IndexControlador::index() cannot be called statically
[09:14:47 PM] ERROR 2048 : Non-static method IndexControlador::index() cannot be called statically
[09:14:47 PM] ERROR 2048 : Non-static method IndexControlador::index() cannot be called statically
[09:14:47 PM] ERROR 2048 : Non-static method IndexControlador::index() cannot be called statically
[09:14:48 PM] ERROR 2048 : Non-static method IndexControlador::index() cannot be called statically
[09:14:48 PM] ERROR 2048 : Non-static method IndexControlador::index() cannot be called statically
[09:14:48 PM] ERROR 2048 : Non-static method IndexControlador::index() cannot be called statically
[09:14:48 PM] ERROR 2048 : Non-static method IndexControlador::index() cannot be called statically
[09:14:49 PM] ERROR 2048 : Non-static method IndexControlador::index() cannot be called statically
[09:14:49 PM] ERROR 2048 : Non-static method IndexControlador::index() cannot be called statically
[09:14:49 PM] ERROR 2048 : Non-static method IndexControlador::index() cannot be called statically
[09:14:49 PM] ERROR 2048 : Non-static method IndexControlador::index() cannot be called statically
[09:14:49 PM] ERROR 2048 : Non-static method IndexControlador::index() cannot be called statically
[09:14:49 PM] ERROR 2048 : Non-static method IndexControlador::index() cannot be called statically
[09:14:49 PM] ERROR 2048 : Non-static method IndexControlador::index() cannot be called statically
[09:15:20 PM] ERROR 2048 : Non-static method LogControlador::inBrow() cannot be called statically
[09:15:52 PM] ERROR 2048 : Non-static method IndexControlador::index() cannot be called statically
[09:15:53 PM] ERROR 2048 : Non-static method LogControlador::inBrow() cannot be called statically
[09:49:02 PM] ERROR 2048 : Non-static method IndexControlador::index() cannot be called statically
[09:49:08 PM] ERROR 2048 : Non-static method LogControlador::inBrow() cannot be called statically
[10:19:08 PM] ERROR 2048 : Non-static method IndexControlador::index() cannot be called statically
[10:19:10 PM] ERROR 2048 : Non-static method LogControlador::inBrow() cannot be called statically
[10:21:11 PM] ERROR 2048 : Non-static method IndexControlador::index() cannot be called statically
[10:21:12 PM] ERROR 2048 : Non-static method LogControlador::inBrow() cannot be called statically
[10:22:16 PM] ERROR 2048 : Non-static method IndexControlador::index() cannot be called statically
[10:22:17 PM] ERROR 2048 : Non-static method LogControlador::inBrow() cannot be called statically
[12:12:07 AM] ERROR 2048 : Non-static method IndexControlador::index() cannot be called statically
[12:12:08 AM] ERROR 2048 : Non-static method LogControlador::inBrow() cannot be called statically
[12:12:35 AM] ERROR 2048 : Non-static method NstControlador::valida_login_prof() cannot be called statically
[12:12:36 AM] ERROR 2048 : Non-static method nstClass::wra_profesor() should not be called statically, assuming $this from incompatible context
[12:12:38 AM] ERROR 2048 : Non-static method LogControlador::inForm() cannot be called statically
[12:12:38 AM] ERROR 2048 : Non-static method PanelControlador::index() cannot be called statically
[12:12:43 AM] ERROR 2048 : Non-static method PruebaControlador::registro_prba() cannot be called statically
[12:12:43 AM] ERROR 2048 : Non-static method PruebaControlador::listado_prba() cannot be called statically
[12:12:47 AM] ERROR 2048 : Non-static method AlumnoControlador::registro_curso_almn() cannot be called statically
[12:12:49 AM] ERROR 2048 : Non-static method InformesControlador::tabla_informes() cannot be called statically
[12:12:54 AM] ERROR 2048 : Non-static method InformesControlador::generarGraficos() cannot be called statically
[12:12:55 AM] ERROR 2048 : Non-static method InformesControlador::graficoZ() cannot be called statically
[12:12:57 AM] ERROR 2048 : Non-static method InformesControlador::grafico_4B12() cannot be called statically
[12:12:58 AM] ERROR 2048 : Non-static method InformesControlador::grafico_4B13() cannot be called statically
[12:12:59 AM] ERROR 2048 : Non-static method InformesControlador::grafico_4B14() cannot be called statically
[12:13:00 AM] ERROR 2048 : Non-static method InformesControlador::grafico_4B20() cannot be called statically
[12:13:01 AM] ERROR 2048 : Non-static method InformesControlador::grafico_4B21() cannot be called statically
[12:13:03 AM] ERROR 2048 : Non-static method InformesControlador::grafico_4B22() cannot be called statically
[12:13:04 AM] ERROR 2048 : Non-static method InformesControlador::grafico_4B23() cannot be called statically
[12:13:04 AM] ERROR 2048 : Non-static method InformesControlador::grafico_4B24() cannot be called statically
[12:13:05 AM] ERROR 2048 : Non-static method InformesControlador::grafico_4B25() cannot be called statically
[12:13:06 AM] ERROR 2048 : Non-static method InformesControlador::grafico_4B26() cannot be called statically
[12:13:07 AM] ERROR 2048 : Non-static method InformesControlador::grafico_4B27() cannot be called statically
[12:13:08 AM] ERROR 2048 : Non-static method InformesControlador::grafico_4B30() cannot be called statically
[12:13:09 AM] ERROR 2048 : Non-static method InformesControlador::grafico_4B31() cannot be called statically
[12:13:10 AM] ERROR 2048 : Non-static method InformesControlador::grafico_4B32() cannot be called statically
[12:13:10 AM] ERROR 2048 : Non-static method InformesControlador::grafico_4B33() cannot be called statically
[12:13:11 AM] ERROR 2048 : Non-static method InformesControlador::grafico_4B40() cannot be called statically
[12:13:12 AM] ERROR 2048 : Non-static method InformesControlador::grafico_4B41() cannot be called statically
[12:13:13 AM] ERROR 2048 : Non-static method InformesControlador::grafico_4B42() cannot be called statically
[12:13:14 AM] ERROR 2048 : Non-static method InformesControlador::grafico_4B43() cannot be called statically
[12:13:15 AM] ERROR 2048 : Non-static method InformesControlador::grafico_4B44() cannot be called statically
[12:13:15 AM] ERROR 2048 : Non-static method InformesControlador::graficoZ6() cannot be called statically
[12:13:16 AM] ERROR 2048 : Non-static method InformesControlador::graficoP6() cannot be called statically
[12:13:17 AM] ERROR 2048 : Non-static method InformesControlador::graficoT6() cannot be called statically
[12:13:18 AM] ERROR 2048 : Non-static method InformesControlador::graficoPT6() cannot be called statically
[12:13:18 AM] ERROR 2048 : Non-static method InformesControlador::grafico_4B11() cannot be called statically
[12:13:19 AM] ERROR 2048 : Non-static method InformesControlador::graficoP() cannot be called statically
[12:13:20 AM] ERROR 2048 : Non-static method InformesControlador::grafico_4B10() cannot be called statically
[12:13:21 AM] ERROR 2048 : Non-static method InformesControlador::graficoT() cannot be called statically
[12:18:16 AM] ERROR 2048 : Non-static method InformesControlador::generarGraficos() cannot be called statically
[12:18:17 AM] ERROR 2048 : Non-static method InformesControlador::graficoZ() cannot be called statically
[12:18:18 AM] ERROR 2048 : Non-static method InformesControlador::grafico_4B12() cannot be called statically
[12:18:19 AM] ERROR 2048 : Non-static method InformesControlador::grafico_4B13() cannot be called statically
[12:18:21 AM] ERROR 2048 : Non-static method InformesControlador::grafico_4B14() cannot be called statically
[12:18:23 AM] ERROR 2048 : Non-static method InformesControlador::grafico_4B20() cannot be called statically
[12:18:24 AM] ERROR 2048 : Non-static method InformesControlador::grafico_4B21() cannot be called statically
[12:18:25 AM] ERROR 2048 : Non-static method InformesControlador::grafico_4B22() cannot be called statically
[12:18:26 AM] ERROR 2048 : Non-static method InformesControlador::grafico_4B23() cannot be called statically
[12:18:27 AM] ERROR 2048 : Non-static method InformesControlador::grafico_4B24() cannot be called statically
[12:18:28 AM] ERROR 2048 : Non-static method InformesControlador::grafico_4B25() cannot be called statically
[12:18:29 AM] ERROR 2048 : Non-static method InformesControlador::grafico_4B26() cannot be called statically
[12:18:30 AM] ERROR 2048 : Non-static method InformesControlador::grafico_4B27() cannot be called statically
[12:18:30 AM] ERROR 2048 : Non-static method InformesControlador::grafico_4B30() cannot be called statically
[12:18:31 AM] ERROR 2048 : Non-static method InformesControlador::grafico_4B31() cannot be called statically
[12:18:32 AM] ERROR 2048 : Non-static method InformesControlador::grafico_4B32() cannot be called statically
[12:18:33 AM] ERROR 2048 : Non-static method InformesControlador::grafico_4B33() cannot be called statically
[12:18:34 AM] ERROR 2048 : Non-static method InformesControlador::grafico_4B40() cannot be called statically
[12:18:35 AM] ERROR 2048 : Non-static method InformesControlador::grafico_4B41() cannot be called statically
[12:18:35 AM] ERROR 2048 : Non-static method InformesControlador::grafico_4B42() cannot be called statically
[12:18:36 AM] ERROR 2048 : Non-static method InformesControlador::grafico_4B43() cannot be called statically
[12:18:37 AM] ERROR 2048 : Non-static method InformesControlador::grafico_4B44() cannot be called statically
[12:18:38 AM] ERROR 2048 : Non-static method InformesControlador::graficoZ6() cannot be called statically
[12:18:39 AM] ERROR 2048 : Non-static method InformesControlador::graficoP6() cannot be called statically
[12:18:39 AM] ERROR 2048 : Non-static method InformesControlador::graficoT6() cannot be called statically
[12:18:40 AM] ERROR 2048 : Non-static method InformesControlador::graficoPT6() cannot be called statically
[12:18:41 AM] ERROR 2048 : Non-static method InformesControlador::grafico_4B11() cannot be called statically
[12:18:42 AM] ERROR 2048 : Non-static method InformesControlador::graficoP() cannot be called statically
[12:18:43 AM] ERROR 2048 : Non-static method InformesControlador::grafico_4B10() cannot be called statically
[12:18:44 AM] ERROR 2048 : Non-static method InformesControlador::graficoT() cannot be called statically
[12:20:54 AM] ERROR 2048 : Non-static method IndexControlador::index() cannot be called statically
[12:20:56 AM] ERROR 2048 : Non-static method LogControlador::inBrow() cannot be called statically
[12:22:14 AM] ERROR 2048 : Non-static method IndexControlador::index() cannot be called statically
[12:22:15 AM] ERROR 2048 : Non-static method LogControlador::inBrow() cannot be called statically
[12:23:23 AM] ERROR 2048 : Non-static method IndexControlador::index() cannot be called statically
[12:23:24 AM] ERROR 2048 : Non-static method LogControlador::inBrow() cannot be called statically
[12:23:40 AM] ERROR 2048 : Non-static method IndexControlador::index() cannot be called statically
[12:23:41 AM] ERROR 2048 : Non-static method LogControlador::inBrow() cannot be called statically
[12:24:53 AM] ERROR 2048 : Non-static method IndexControlador::index() cannot be called statically
[12:24:54 AM] ERROR 2048 : Non-static method LogControlador::inBrow() cannot be called staticallyr
[30-Nov-2010 12:27:10 AM - http://www.proyectonst.cl/nst/?controlador=Index] ERROR 2048 : Non-static method IndexControlador::index() cannot be called staticallyr
[30-Nov-2010 12:27:11 AM - http://www.proyectonst.cl/nst/?controlador=Log&accion=inBrow] ERROR 2048 : Non-static method LogControlador::inBrow() cannot be called staticallyr
[30-Nov-2010 12:32:31 AM - http://www.proyectonst.cl/nst/?controlador=Index] ERROR 2048 : Non-static method IndexControlador::index() cannot be called staticallyr
[30-Nov-2010 12:32:32 AM - http://www.proyectonst.cl/nst/?controlador=Log&accion=inBrow] ERROR 2048 : Non-static method LogControlador::inBrow() cannot be called staticallyr
[30-Nov-2010 12:32:40 AM - http://www.proyectonst.cl/nst/?controlador=Nst&accion=valida_login_prof] ERROR 2048 : Non-static method NstControlador::valida_login_prof() cannot be called staticallyr
[30-Nov-2010 12:32:40 AM - http://www.proyectonst.cl/nst/?controlador=Nst&accion=valida_login_prof] ERROR 2048 : Non-static method nstClass::wra_profesor() should not be called statically, assuming $this from incompatible contextr
[30-Nov-2010 12:32:41 AM - http://www.proyectonst.cl/nst/?controlador=Log&accion=inForm] ERROR 2048 : Non-static method LogControlador::inForm() cannot be called staticallyr
[30-Nov-2010 12:33:36 AM - http://www.proyectonst.cl/nst/?controlador=Nst&accion=valida_login_prof] ERROR 2048 : Non-static method NstControlador::valida_login_prof() cannot be called staticallyr
[30-Nov-2010 12:33:36 AM - http://www.proyectonst.cl/nst/?controlador=Nst&accion=valida_login_prof] ERROR 2048 : Non-static method nstClass::wra_profesor() should not be called statically, assuming $this from incompatible contextr
[30-Nov-2010 12:33:37 AM - http://www.proyectonst.cl/nst/?controlador=Log&accion=inForm] ERROR 2048 : Non-static method LogControlador::inForm() cannot be called staticallyr
[30-Nov-2010 12:33:40 AM - http://www.proyectonst.cl/nst/?controlador=Nst&accion=valida_login_prof] ERROR 2048 : Non-static method NstControlador::valida_login_prof() cannot be called staticallyr
[30-Nov-2010 12:33:40 AM - http://www.proyectonst.cl/nst/?controlador=Nst&accion=valida_login_prof] ERROR 2048 : Non-static method nstClass::wra_profesor() should not be called statically, assuming $this from incompatible contextr
[30-Nov-2010 12:33:40 AM - http://www.proyectonst.cl/nst/?controlador=Log&accion=inForm] ERROR 2048 : Non-static method LogControlador::inForm() cannot be called staticallyr
[30-Nov-2010 12:33:43 AM - http://www.proyectonst.cl/nst/?controlador=Nst&accion=valida_login_prof] ERROR 2048 : Non-static method NstControlador::valida_login_prof() cannot be called staticallyr
[30-Nov-2010 12:33:43 AM - http://www.proyectonst.cl/nst/?controlador=Nst&accion=valida_login_prof] ERROR 2048 : Non-static method nstClass::wra_profesor() should not be called statically, assuming $this from incompatible contextr
[30-Nov-2010 12:33:44 AM - http://www.proyectonst.cl/nst/?controlador=Log&accion=inForm] ERROR 2048 : Non-static method LogControlador::inForm() cannot be called staticallyr
[30-Nov-2010 12:33:44 AM - http://www.proyectonst.cl/nst/?controlador=Panel] ERROR 2048 : Non-static method PanelControlador::index() cannot be called staticallyr
[30-Nov-2010 12:33:53 AM - http://www.proyectonst.cl/nst/?controlador=Nst&accion=logout] ERROR 2048 : Non-static method NstControlador::logout() cannot be called staticallyr
[30-Nov-2010 12:33:53 AM - http://www.proyectonst.cl/nst/?controlador=Index] ERROR 2048 : Non-static method IndexControlador::index() cannot be called staticallyr
[30-Nov-2010 12:33:54 AM - http://www.proyectonst.cl/nst/?controlador=Log&accion=inBrow] ERROR 2048 : Non-static method LogControlador::inBrow() cannot be called staticallyr
[30-Nov-2010 12:37:11 AM - http://www.proyectonst.cl/nst/?controlador=Index] ERROR 2048 : Non-static method IndexControlador::index() cannot be called staticallyr
[30-Nov-2010 12:37:12 AM - http://www.proyectonst.cl/nst/?controlador=Log&accion=inBrow] ERROR 2048 : Non-static method LogControlador::inBrow() cannot be called staticallyr
[30-Nov-2010 12:40:30 AM - http://www.proyectonst.cl/nst/?controlador=Index] ERROR 2048 : Non-static method IndexControlador::index() cannot be called staticallyr
[30-Nov-2010 12:40:36 AM - http://www.proyectonst.cl/nst/?controlador=Nst&accion=valida_login_prof] ERROR 2048 : Non-static method NstControlador::valida_login_prof() cannot be called staticallyr
[30-Nov-2010 12:40:36 AM - http://www.proyectonst.cl/nst/?controlador=Nst&accion=valida_login_prof] ERROR 2048 : Non-static method nstClass::wra_profesor() should not be called statically, assuming $this from incompatible contextr
[30-Nov-2010 12:40:38 AM - http://www.proyectonst.cl/nst/?controlador=Panel] ERROR 2048 : Non-static method PanelControlador::index() cannot be called staticallyr
[30-Nov-2010 12:41:38 AM - http://www.proyectonst.cl/nst/?controlador=Nst&accion=logout] ERROR 2048 : Non-static method NstControlador::logout() cannot be called staticallyr
[30-Nov-2010 12:41:38 AM - http://www.proyectonst.cl/nst/?controlador=Index] ERROR 2048 : Non-static method IndexControlador::index() cannot be called staticallyr
[30-Nov-2010 12:41:39 AM - http://www.proyectonst.cl/nst/?controlador=Log&accion=inBrow] ERROR 2048 : Non-static method LogControlador::inBrow() cannot be called staticallyr
[30-Nov-2010 12:41:46 AM - http://www.proyectonst.cl/nst/?controlador=Nst&accion=valida_login_prof] ERROR 2048 : Non-static method NstControlador::valida_login_prof() cannot be called staticallyr
[30-Nov-2010 12:41:46 AM - http://www.proyectonst.cl/nst/?controlador=Nst&accion=valida_login_prof] ERROR 2048 : Non-static method nstClass::wra_profesor() should not be called statically, assuming $this from incompatible contextr
[30-Nov-2010 12:41:47 AM - http://www.proyectonst.cl/nst/?controlador=Log&accion=inForm] ERROR 2048 : Non-static method LogControlador::inForm() cannot be called staticallyr
[30-Nov-2010 12:41:51 AM - http://www.proyectonst.cl/nst/?controlador=Nst&accion=valida_login_prof] ERROR 2048 : Non-static method NstControlador::valida_login_prof() cannot be called staticallyr
[30-Nov-2010 12:41:51 AM - http://www.proyectonst.cl/nst/?controlador=Nst&accion=valida_login_prof] ERROR 2048 : Non-static method nstClass::wra_profesor() should not be called statically, assuming $this from incompatible contextr
[30-Nov-2010 12:41:52 AM - http://www.proyectonst.cl/nst/?controlador=Log&accion=inForm] ERROR 2048 : Non-static method LogControlador::inForm() cannot be called staticallyr
[30-Nov-2010 12:41:52 AM - http://www.proyectonst.cl/nst/?controlador=Panel] ERROR 2048 : Non-static method PanelControlador::index() cannot be called staticallyr
[30-Nov-2010 12:42:34 AM - http://www.proyectonst.cl/nst/?controlador=Nst&accion=logout] ERROR 2048 : Non-static method NstControlador::logout() cannot be called staticallyr
[30-Nov-2010 12:42:34 AM - http://www.proyectonst.cl/nst/?controlador=Index] ERROR 2048 : Non-static method IndexControlador::index() cannot be called staticallyr
[30-Nov-2010 12:42:35 AM - http://www.proyectonst.cl/nst/?controlador=Log&accion=inBrow] ERROR 2048 : Non-static method LogControlador::inBrow() cannot be called staticallyr
[30-Nov-2010 09:21:00 AM - http://www.proyectonst.cl/nst/] ERROR 2048 : Non-static method IndexControlador::index() cannot be called staticallyr
[30-Nov-2010 09:21:04 AM - http://www.proyectonst.cl/nst/?controlador=Log&accion=inBrow] ERROR 2048 : Non-static method LogControlador::inBrow() cannot be called statically