
[10-Dec-2010 01:48:13 AM ] = Tamaño de PNST: <B>24.69</B> Mbytes<br/> Espacio en Disco: <B>300</B> Mbytes<br>Espacio Libre: <B>275.31</B> Mbytes <br/> Ocupado por <B>1285</B> ficheros y <B>138</B> carpeta\s<br/>
[10-Dec-2010 01:48:27 AM ] = Tamaño de PNST: <B>24.69</B> Mbytes<br/> Espacio en Disco: <B>300</B> Mbytes<br>Espacio Libre: <B>275.31</B> Mbytes <br/> Ocupado por <B>1285</B> ficheros y <B>138</B> carpeta\s<br/>
[10-Dec-2010 01:52:15 AM ] = Tamaño de PNST: <B>24.69</B> Mbytes<br/> Espacio en Disco: <B>300</B> Mbytes<br>Espacio Libre: <B>275.31</B> Mbytes <br/> Ocupado por <B>1285</B> ficheros y <B>138</B> carpeta\s<br/>
[10-Dec-2010 01:56:07 AM ] = Tamaño de PNST: <B>24.69</B> Mbytes<br/> Espacio en Disco: <B>300</B> Mbytes<br>Espacio Libre: <B>275.31</B> Mbytes <br/> Ocupado por <B>1286</B> ficheros y <B>138</B> carpeta\s<br/>
[10-Dec-2010 03:01:44 AM ] = Tamaño de PNST: <B>24.72</B> Mbytes<br/> Espacio en Disco: <B>300</B> Mbytes<br>Espacio Libre: <B>275.28</B> Mbytes <br/> Ocupado por <B>1287</B> ficheros y <B>138</B> carpeta\s<br/>
[10-Dec-2010 03:29:20 AM ] = Tamaño de PNST: <B>24.73</B> Mbytes<br/> Espacio en Disco: <B>300</B> Mbytes<br>Espacio Libre: <B>275.27</B> Mbytes <br/> Ocupado por <B>1289</B> ficheros y <B>138</B> carpeta\s<br/>
[10-Dec-2010 03:30:48 AM ] = Tamaño de PNST: <B>24.70</B> Mbytes<br/> Espacio en Disco: <B>300</B> Mbytes<br>Espacio Libre: <B>275.3</B> Mbytes <br/> Ocupado por <B>1287</B> ficheros y <B>138</B> carpeta\s<br/>
[10-Dec-2010 03:33:17 AM ] = Tamaño de PNST: <B>24.71</B> Mbytes<br/> Espacio en Disco: <B>300</B> Mbytes<br>Espacio Libre: <B>275.29</B> Mbytes <br/> Ocupado por <B>1288</B> ficheros y <B>138</B> carpeta\s<br/>
[10-Dec-2010 04:08:35 AM ] = Tamaño de PNST: <B>24.72</B> Mbytes<br/> Espacio en Disco: <B>300</B> Mbytes<br>Espacio Libre: <B>275.28</B> Mbytes <br/> Ocupado por <B>1289</B> ficheros y <B>138</B> carpeta\s<br/>
[10-Dec-2010 05:07:16 AM ] = Tamaño de PNST: <B>24.73</B> Mbytes<br/> Espacio en Disco: <B>300</B> Mbytes<br>Espacio Libre: <B>275.27</B> Mbytes <br/> Ocupado por <B>1290</B> ficheros y <B>138</B> carpeta\s<br/>
[10-Dec-2010 05:18:47 AM ] = Tamaño de PNST: <B>24.75</B> Mbytes<br/> Espacio en Disco: <B>300</B> Mbytes<br>Espacio Libre: <B>275.25</B> Mbytes <br/> Ocupado por <B>1290</B> ficheros y <B>138</B> carpeta\s<br/>
[10-Dec-2010 05:18:48 AM ] = Tamaño de PNST: <B>24.75</B> Mbytes<br/> Espacio en Disco: <B>300</B> Mbytes<br>Espacio Libre: <B>275.25</B> Mbytes <br/> Ocupado por <B>1290</B> ficheros y <B>138</B> carpeta\s<br/>
[10-Dec-2010 05:20:18 AM ] = Tamaño de PNST: <B>24.75</B> Mbytes<br/> Espacio en Disco: <B>300</B> Mbytes<br>Espacio Libre: <B>275.25</B> Mbytes <br/> Ocupado por <B>1290</B> ficheros y <B>138</B> carpeta\s<br/>
[10-Dec-2010 01:16:46 PM ] = Tamaño de PNST: <B>24.67</B> Mbytes<br/> Espacio en Disco: <B>300</B> Mbytes<br>Espacio Libre: <B>275.33</B> Mbytes <br/> Ocupado por <B>1289</B> ficheros y <B>138</B> carpeta\s<br/>
[10-Dec-2010 01:19:07 PM ] = Tamaño de PNST: <B>24.67</B> Mbytes<br/> Espacio en Disco: <B>300</B> Mbytes<br>Espacio Libre: <B>275.33</B> Mbytes <br/> Ocupado por <B>1289</B> ficheros y <B>138</B> carpeta\s<br/>
[10-Dec-2010 02:21:19 PM ] = Tamaño de PNST: <B>24.72</B> Mbytes<br/> Espacio en Disco: <B>300</B> Mbytes<br>Espacio Libre: <B>275.28</B> Mbytes <br/> Ocupado por <B>1292</B> ficheros y <B>138</B> carpeta\s<br/>
[10-Dec-2010 02:22:05 PM ] = Tamaño de PNST: <B>24.72</B> Mbytes<br/> Espacio en Disco: <B>300</B> Mbytes<br>Espacio Libre: <B>275.28</B> Mbytes <br/> Ocupado por <B>1292</B> ficheros y <B>138</B> carpeta\s<br/>
[23-Dec-2010 01:14:03 AM ] = Tamaño de PNST: <B>40.43</B> Mbytes<br/> Espacio en Disco: <B>300</B> Mbytes<br>Espacio Libre: <B>259.57</B> Mbytes <br/> Ocupado por <B>3278</B> ficheros y <B>430</B> carpeta\s<br/>
[23-Dec-2010 01:15:25 AM ] = Tamaño de PNST: <B>40.43</B> Mbytes<br/> Espacio en Disco: <B>300</B> Mbytes<br>Espacio Libre: <B>259.57</B> Mbytes <br/> Ocupado por <B>3278</B> ficheros y <B>429</B> carpeta\s<br/>
[23-Dec-2010 01:17:09 AM ] = Tamaño de PNST: <B>40.43</B> Mbytes<br/> Espacio en Disco: <B>300</B> Mbytes<br>Espacio Libre: <B>259.57</B> Mbytes <br/> Ocupado por <B>3278</B> ficheros y <B>429</B> carpeta\s<br/>
[23-Dec-2010 01:27:48 AM ] = Tamaño de PNST: <B>40.43</B> Mbytes<br/> Espacio en Disco: <B>300</B> Mbytes<br>Espacio Libre: <B>259.57</B> Mbytes <br/> Ocupado por <B>3279</B> ficheros y <B>431</B> carpeta\s<br/>
[23-Dec-2010 01:28:03 AM ] = Tamaño de PNST: <B>40.43</B> Mbytes<br/> Espacio en Disco: <B>300</B> Mbytes<br>Espacio Libre: <B>259.57</B> Mbytes <br/> Ocupado por <B>3279</B> ficheros y <B>431</B> carpeta\s<br/>
[23-Dec-2010 01:29:05 AM ] = Tamaño de PNST: <B>40.43</B> Mbytes<br/> Espacio en Disco: <B>300</B> Mbytes<br>Espacio Libre: <B>259.57</B> Mbytes <br/> Ocupado por <B>3279</B> ficheros y <B>431</B> carpeta\s<br/>
[23-Dec-2010 01:29:21 AM ] = Tamaño de PNST: <B>40.43</B> Mbytes<br/> Espacio en Disco: <B>300</B> Mbytes<br>Espacio Libre: <B>259.57</B> Mbytes <br/> Ocupado por <B>3279</B> ficheros y <B>431</B> carpeta\s<br/>
[23-Dec-2010 01:30:19 AM ] = Tamaño de PNST: <B>40.43</B> Mbytes<br/> Espacio en Disco: <B>300</B> Mbytes<br>Espacio Libre: <B>259.57</B> Mbytes <br/> Ocupado por <B>3279</B> ficheros y <B>431</B> carpeta\s<br/>
[23-Dec-2010 01:30:48 AM ] = Tamaño de PNST: <B>40.43</B> Mbytes<br/> Espacio en Disco: <B>300</B> Mbytes<br>Espacio Libre: <B>259.57</B> Mbytes <br/> Ocupado por <B>3279</B> ficheros y <B>431</B> carpeta\s<br/>
[23-Dec-2010 01:30:52 AM ] = Tamaño de PNST: <B>40.43</B> Mbytes<br/> Espacio en Disco: <B>300</B> Mbytes<br>Espacio Libre: <B>259.57</B> Mbytes <br/> Ocupado por <B>3279</B> ficheros y <B>431</B> carpeta\s<br/>
[23-Dec-2010 01:31:02 AM ] = Tamaño de PNST: <B>40.43</B> Mbytes<br/> Espacio en Disco: <B>300</B> Mbytes<br>Espacio Libre: <B>259.57</B> Mbytes <br/> Ocupado por <B>3279</B> ficheros y <B>431</B> carpeta\s<br/>
[18-Jan-2011 12:17:26 PM ] = Tamaño de PNST: <B>28.43</B> Mbytes<br/> Espacio en Disco: <B>300</B> Mbytes<br>Espacio Libre: <B>271.57</B> Mbytes <br/> Ocupado por <B>1266</B> ficheros y <B>137</B> carpeta\s<br/>
[08-Feb-2011 10:38:47 PM ] = Tamaño de PNST: <B>17.99</B> Mbytes<br/> Espacio en Disco: <B>300</B> Mbytes<br>Espacio Libre: <B>282.01</B> Mbytes <br/> Ocupado por <B>439</B> ficheros y <B>46</B> carpeta\s<br/>
[09-Mar-2011 11:44:36 PM ] = Tamaño de PNST: <B>18.07</B> Mbytes<br/> Espacio en Disco: <B>300</B> Mbytes<br>Espacio Libre: <B>281.93</B> Mbytes <br/> Ocupado por <B>439</B> ficheros y <B>46</B> carpeta\s<br/>
[09-Mar-2011 11:46:52 PM ] = Tamaño de PNST: <B>18.07</B> Mbytes<br/> Espacio en Disco: <B>300</B> Mbytes<br>Espacio Libre: <B>281.93</B> Mbytes <br/> Ocupado por <B>439</B> ficheros y <B>46</B> carpeta\s<br/>